Determining if the pthread_create exist failed with the following output:
Change Dir: /home/soroosh/Project/gdev/release/CMakeFiles/CMakeTmp

Run Build Command:/usr/bin/make "cmTryCompileExec2127700012/fast"
/usr/bin/make -f CMakeFiles/cmTryCompileExec2127700012.dir/build.make CMakeFiles/cmTryCompileExec2127700012.dir/build
make[1]: Entering directory `/home/soroosh/Project/gdev/release/CMakeFiles/CMakeTmp'
/usr/bin/cmake -E cmake_progress_report /home/soroosh/Project/gdev/release/CMakeFiles/CMakeTmp/CMakeFiles 1
Building C object CMakeFiles/cmTryCompileExec2127700012.dir/CheckSymbolExists.c.o
/usr/bin/cc   -DGDEV_SCHED_DISABLED    -o CMakeFiles/cmTryCompileExec2127700012.dir/CheckSymbolExists.c.o   -c /home/soroosh/Project/gdev/release/CMakeFiles/CMakeTmp/CheckSymbolExists.c
Linking C executable cmTryCompileExec2127700012
/usr/bin/cmake -E cmake_link_script CMakeFiles/cmTryCompileExec2127700012.dir/link.txt --verbose=1
/usr/bin/cc  -DGDEV_SCHED_DISABLED     CMakeFiles/cmTryCompileExec2127700012.dir/CheckSymbolExists.c.o  -o cmTryCompileExec2127700012 -rdynamic 
CMakeFiles/cmTryCompileExec2127700012.dir/CheckSymbolExists.c.o: In function `main':
CheckSymbolExists.c:(.text+0x16): undefined reference to `pthread_create'
collect2: error: ld returned 1 exit status
make[1]: *** [cmTryCompileExec2127700012] Error 1
make[1]: Leaving directory `/home/soroosh/Project/gdev/release/CMakeFiles/CMakeTmp'
make: *** [cmTryCompileExec2127700012/fast] Error 2

File /home/soroosh/Project/gdev/release/CMakeFiles/CMakeTmp/CheckSymbolExists.c:
/* */
#include <pthread.h>

int main(int argc, char** argv)
{
  (void)argv;
#ifndef pthread_create
  return ((int*)(&pthread_create))[argc];
#else
  (void)argc;
  return 0;
#endif
}

Determining if the function pthread_create exists in the pthreads failed with the following output:
Change Dir: /home/soroosh/Project/gdev/release/CMakeFiles/CMakeTmp

Run Build Command:/usr/bin/make "cmTryCompileExec1566703446/fast"
/usr/bin/make -f CMakeFiles/cmTryCompileExec1566703446.dir/build.make CMakeFiles/cmTryCompileExec1566703446.dir/build
make[1]: Entering directory `/home/soroosh/Project/gdev/release/CMakeFiles/CMakeTmp'
/usr/bin/cmake -E cmake_progress_report /home/soroosh/Project/gdev/release/CMakeFiles/CMakeTmp/CMakeFiles 1
Building C object CMakeFiles/cmTryCompileExec1566703446.dir/CheckFunctionExists.c.o
/usr/bin/cc   -DGDEV_SCHED_DISABLED -DCHECK_FUNCTION_EXISTS=pthread_create   -o CMakeFiles/cmTryCompileExec1566703446.dir/CheckFunctionExists.c.o   -c /usr/share/cmake-2.8/Modules/CheckFunctionExists.c
Linking C executable cmTryCompileExec1566703446
/usr/bin/cmake -E cmake_link_script CMakeFiles/cmTryCompileExec1566703446.dir/link.txt --verbose=1
/usr/bin/cc  -DGDEV_SCHED_DISABLED -DCHECK_FUNCTION_EXISTS=pthread_create    CMakeFiles/cmTryCompileExec1566703446.dir/CheckFunctionExists.c.o  -o cmTryCompileExec1566703446 -rdynamic -lpthreads 
/usr/bin/ld: cannot find -lpthreads
collect2: error: ld returned 1 exit status
make[1]: *** [cmTryCompileExec1566703446] Error 1
make[1]: Leaving directory `/home/soroosh/Project/gdev/release/CMakeFiles/CMakeTmp'
make: *** [cmTryCompileExec1566703446/fast] Error 2


